Debug [ev.n:340 sys_wait]: 
Debug [ev.n:352 sys_wait]: 1 
Info [server.n:535 On]: Connect from [::1]:39968
except: lib/n/net/tcp/tcp.n:182: Accept: Error: WOULD_BLOCK: Operation would block
Debug [ev.n:340 sys_wait]: 
Debug [ev.n:352 sys_wait]: 1 
Debug [server.n:333 On]: 7: WAITING_HEADER {READ WRITE} on 7
Debug [server.n:448 handling_buffered]: 7: HANDLING
Debug [server.n:480 flush]: 7: FLUSH
Info [server.n:492 flush]: [::1]:39968 - - [20/Aug/2015:08:39:00 +0000] "POST / HTTP/1.1" 200
Debug [server.n:242 recycle]: 7: 
Debug [server.n:474 On]: {MANUAL} on DRY
Debug [ev.n:340 sys_wait]: 
Debug [ev.n:352 sys_wait]: 1 
Debug [server.n:333 On]: 7: WAITING_HEADER {READ WRITE RDHUP} on 7
except: lib/n/net/http/server.n:344: On: Error: EOF: End of file
Debug [server.n:333 On]: 7: CLOSE {CLOSE} on 7
Debug [server.n:263 Close]: 7: 
Debug [ev.n:340 sys_wait]: 
Debug [ev.n:352 sys_wait]: 1 
Info [server.n:535 On]: Connect from [::1]:39969
except: lib/n/net/tcp/tcp.n:182: Accept: Error: WOULD_BLOCK: Operation would block
Debug [ev.n:340 sys_wait]: 
Debug [ev.n:352 sys_wait]: 1 
Debug [server.n:333 On]: 7: WAITING_HEADER {READ WRITE} on 7
Debug [server.n:448 handling_buffered]: 7: HANDLING
except: lib/n/net/http/server.n:454: handling_buffered: Error: WOULD_BLOCK: Operation would block
except: lib/n/net/http/server.n:345: On: Error: WOULD_BLOCK: Operation would block
Debug [ev.n:340 sys_wait]: 
Debug [ev.n:352 sys_wait]: 1 
Debug [server.n:333 On]: 7: HANDLING {READ WRITE} on 7
Debug [server.n:448 handling_buffered]: 7: HANDLING
Debug [transfer.n:45 Read]: sent 100-Continue
Debug [server.n:480 flush]: 7: FLUSH
Info [server.n:492 flush]: [::1]:39969 - - [20/Aug/2015:08:39:01 +0000] "POST / HTTP/1.1" 200
Debug [server.n:242 recycle]: 7: 
Debug [server.n:474 On]: {MANUAL} on DRY
Debug [ev.n:340 sys_wait]: 
Debug [ev.n:352 sys_wait]: 1 
Debug [server.n:333 On]: 7: WAITING_HEADER {READ WRITE RDHUP} on 7
except: lib/n/net/http/server.n:344: On: Error: EOF: End of file
Debug [server.n:333 On]: 7: CLOSE {CLOSE} on 7
Debug [server.n:263 Close]: 7: 
Debug [ev.n:340 sys_wait]: 
