t01/bad01.n:19:7: <anonymous>.Main: type: 'n.builtins.Bool' not isa intf '+n.builtins.`Integer'
isalist: n.builtins.Bool 0x1fb4b10
	n.builtins.`Any 0x1fb4920 ()
	n.builtins.`Default_ctor 0x1fbcea0 ()
	n.builtins.`Trivial_ctor 0x1fbdc30 ()
	n.builtins.`Default_dtor 0x1fbd280 ()
	n.builtins.`Trivial_dtor 0x1fbde20 ()
	n.builtins.`Copyable 0x1fbc710 ()
	n.builtins.`Moveable 0x1fbcac0 ()
	n.builtins.`Trivial_move 0x1fbda40 ()
	n.builtins.`Trivial_copy 0x1fbd660 ()
	n.builtins.`Has_compare 0x4ca2270 ()
	n.builtins.`Trivial_compare 0x1fbe010 ()
	n.builtins.`Matchable 0x4ca1ff0 ()
	n.builtins.`Has_equality 0x1fbb960 ()
	n.builtins.`Equality_by_compare 0x1fbc310 ()
	n.builtins.`Trivial_equality 0x1fbe200 ()
	n.builtins.`Partially_ordered 0x1fbc120 ()
	n.builtins.`Ordered 0x1fbbd40 ()
	n.builtins.`Trivial_order 0x1fbe3f0 ()
	n.builtins.`Return_by_copy 0x1fbe600 ()
	n.builtins.`Hashable32 0x4d32700 ()
	n.builtins.`Native 0x1fbabe0 ()
	n.builtins.`Generalized_boolean 0x1fbb1d0 ()
	n.builtins.`Bool_compatible 0x4cca2e0 ()
	n.builtins.`Show 0x4d602c0 ()
	n.builtins.`Native_boolean 0x1fbb390 ()
t01/bad01.n:19:7: <anonymous>.Main: type: while instantiating generic here '(functor t01.bad01.bar +n.builtins.`Integer)'
